/*C30*/SET SCHEMA PUBLIC
CREATE TABLE if not EXISTS notes ( id INTEGER IDENTITY PRIMARY KEY, text LONGVARCHAR NOT NULL , color VARCHAR(25) NOT NULL )
DISCONNECT
/*C31*/SET SCHEMA PUBLIC
DISCONNECT
/*C32*/SET SCHEMA PUBLIC
INSERT INTO NOTES VALUES(18,'jlkjlkj\u0009kljljlkj\u0009lkj\u000akljklj','#9EDFFF')
COMMIT
/*C33*/SET SCHEMA PUBLIC
CREATE TABLE if not EXISTS notes ( id INTEGER IDENTITY PRIMARY KEY, text LONGVARCHAR NOT NULL , color VARCHAR(25) NOT NULL )
DISCONNECT
/*C34*/SET SCHEMA PUBLIC
DISCONNECT
/*C35*/SET SCHEMA PUBLIC
INSERT INTO NOTES VALUES(19,'','#A1EF9B')
COMMIT
/*C36*/SET SCHEMA PUBLIC
CREATE TABLE if not EXISTS notes ( id INTEGER IDENTITY PRIMARY KEY, text LONGVARCHAR NOT NULL , color VARCHAR(25) NOT NULL )
DISCONNECT
/*C37*/SET SCHEMA PUBLIC
DISCONNECT
/*C38*/SET SCHEMA PUBLIC
DELETE FROM NOTES WHERE ID=19
COMMIT
DISCONNECT
/*C39*/SET SCHEMA PUBLIC
CREATE TABLE if not EXISTS notes ( id INTEGER IDENTITY PRIMARY KEY, text LONGVARCHAR NOT NULL , color VARCHAR(25) NOT NULL )
DISCONNECT
/*C40*/SET SCHEMA PUBLIC
DISCONNECT
/*C41*/SET SCHEMA PUBLIC
CREATE TABLE if not EXISTS notes ( id INTEGER IDENTITY PRIMARY KEY, text LONGVARCHAR NOT NULL , color VARCHAR(25) NOT NULL )
DISCONNECT
/*C42*/SET SCHEMA PUBLIC
DISCONNECT
/*C43*/SET SCHEMA PUBLIC
CREATE TABLE if not EXISTS notes ( id INTEGER IDENTITY PRIMARY KEY, text LONGVARCHAR NOT NULL , color VARCHAR(25) NOT NULL )
DISCONNECT
/*C44*/SET SCHEMA PUBLIC
DISCONNECT
/*C45*/SET SCHEMA PUBLIC
CREATE TABLE if not EXISTS notes ( id INTEGER IDENTITY PRIMARY KEY, text LONGVARCHAR NOT NULL , color VARCHAR(25) NOT NULL )
DISCONNECT
/*C46*/SET SCHEMA PUBLIC
DISCONNECT
/*C47*/SET SCHEMA PUBLIC
CREATE TABLE if not EXISTS notes ( id INTEGER IDENTITY PRIMARY KEY, text LONGVARCHAR NOT NULL , color VARCHAR(25) NOT NULL )
DISCONNECT
/*C48*/SET SCHEMA PUBLIC
DISCONNECT
/*C49*/SET SCHEMA PUBLIC
INSERT INTO NOTES VALUES(20,'312','#FFF2AB')
COMMIT
/*C50*/SET SCHEMA PUBLIC
CREATE TABLE if not EXISTS notes ( id INTEGER IDENTITY PRIMARY KEY, text LONGVARCHAR NOT NULL , color VARCHAR(25) NOT NULL )
DISCONNECT
/*C51*/SET SCHEMA PUBLIC
DISCONNECT
/*C52*/SET SCHEMA PUBLIC
DISCONNECT
/*C53*/SET SCHEMA PUBLIC
CREATE TABLE if not EXISTS notes ( id INTEGER IDENTITY PRIMARY KEY, text LONGVARCHAR NOT NULL , color VARCHAR(25) NOT NULL )
DISCONNECT
/*C54*/SET SCHEMA PUBLIC
DISCONNECT
/*C55*/SET SCHEMA PUBLIC
DISCONNECT
/*C56*/SET SCHEMA PUBLIC
DISCONNECT
/*C57*/SET SCHEMA PUBLIC
CREATE TABLE if not EXISTS notes ( id INTEGER IDENTITY PRIMARY KEY, text LONGVARCHAR NOT NULL , color VARCHAR(25) NOT NULL )
DISCONNECT
/*C58*/SET SCHEMA PUBLIC
DISCONNECT
/*C59*/SET SCHEMA PUBLIC
CREATE TABLE if not EXISTS notes ( id INTEGER IDENTITY PRIMARY KEY, text LONGVARCHAR NOT NULL , color VARCHAR(25) NOT NULL )
DISCONNECT
/*C60*/SET SCHEMA PUBLIC
DISCONNECT
/*C61*/SET SCHEMA PUBLIC
CREATE TABLE if not EXISTS notes ( id INTEGER IDENTITY PRIMARY KEY, text LONGVARCHAR NOT NULL , color VARCHAR(25) NOT NULL )
DISCONNECT
/*C62*/SET SCHEMA PUBLIC
DISCONNECT
/*C63*/SET SCHEMA PUBLIC
CREATE TABLE if not EXISTS notes ( id INTEGER IDENTITY PRIMARY KEY, text LONGVARCHAR NOT NULL , color VARCHAR(25) NOT NULL )
DISCONNECT
/*C64*/SET SCHEMA PUBLIC
DISCONNECT
/*C65*/SET SCHEMA PUBLIC
CREATE TABLE if not EXISTS notes ( id INTEGER IDENTITY PRIMARY KEY, text LONGVARCHAR NOT NULL , color VARCHAR(25) NOT NULL )
DISCONNECT
/*C66*/SET SCHEMA PUBLIC
DISCONNECT
